<?xml version="1.0" encoding="UTF-8"?>
<!-- Generated by org.testng.reporters.JUnitReportReporter -->
<testsuite skipped="0" hostname="Hom" name="codepackage.TestNG1" tests="2" failures="0" timestamp="2020-04-12T16:16:39 IST" time="0.023" errors="0">
  <testcase name="j" time="0.004" classname="codepackage.TestNG1"/>
  <system-out/>
  <testcase name="a" time="0.019" classname="codepackage.TestNG1"/>
  <system-out/>
</testsuite> <!-- codepackage.TestNG1 -->
